
*** Running vivado
    with args -log read_image_VHDL.vds -m64 -product Vivado -mode batch -messageDb vivado.pb -notrace -source read_image_VHDL.tcl



****** Vivado v2020.2 (64-bit)
  **** SW Build 3064766 on Wed Nov 18 09:12:45 MST 2020
  **** IP Build 3064653 on Wed Nov 18 14:17:31 MST 2020
    ** Copyright 1986-2020 Xilinx, Inc. All Rights Reserved.

source read_image_VHDL.tcl -notrace
Command: synth_design -top read_image_VHDL -part xc7a100tcsg324-1
Starting synth_design
Attempting to get a license for feature 'Synthesis' and/or device 'xc7a100t'
INFO: [Common 17-349] Got license for feature 'Synthesis' and/or device 'xc7a100t'
INFO: [Device 21-403] Loading part xc7a100tcsg324-1
INFO: [Synth 8-7079] Multithreading enabled for synth_design using a maximum of 2 processes.
INFO: [Synth 8-7078] Launching helper process for spawning children vivado processes
INFO: [Synth 8-7075] Helper process launched with PID 21612
---------------------------------------------------------------------------------
Starting RTL Elaboration : Time (s): cpu = 00:00:21 ; elapsed = 00:00:21 . Memory (MB): peak = 1014.262 ; gain = 0.000
---------------------------------------------------------------------------------
INFO: [Synth 8-638] synthesizing module 'read_image_VHDL' [D:/CPE487A-DSD/Labs/read_image_VHDL/read_image_VHDL.srcs/sources_1/new/read_image_VHDL.vhd:27]
	Parameter ADDR_WIDTH bound to: 4 - type: integer 
	Parameter DATA_WIDTH bound to: 8 - type: integer 
	Parameter IMAGE_SIZE bound to: 15 - type: integer 
	Parameter IMAGE_FILE_NAME bound to: D:\CPE487A-DSD\Labs\read_image_VHDL\testimg.mif - type: string 
INFO: [Synth 8-3491] module 'counter' declared at 'D:/CPE487A-DSD/Labs/read_image_VHDL/read_image_VHDL.srcs/sources_1/new/counter.vhd:7' bound to instance 'C1' of component 'counter' [D:/CPE487A-DSD/Labs/read_image_VHDL/read_image_VHDL.srcs/sources_1/new/read_image_VHDL.vhd:85]
INFO: [Synth 8-638] synthesizing module 'counter' [D:/CPE487A-DSD/Labs/read_image_VHDL/read_image_VHDL.srcs/sources_1/new/counter.vhd:14]
INFO: [Synth 8-256] done synthesizing module 'counter' (1#1) [D:/CPE487A-DSD/Labs/read_image_VHDL/read_image_VHDL.srcs/sources_1/new/counter.vhd:14]
INFO: [Synth 8-3491] module 'leddec' declared at 'D:/CPE487A-DSD/Labs/read_image_VHDL/read_image_VHDL.srcs/sources_1/new/leddec.vhd:5' bound to instance 'L1' of component 'leddec' [D:/CPE487A-DSD/Labs/read_image_VHDL/read_image_VHDL.srcs/sources_1/new/read_image_VHDL.vhd:87]
INFO: [Synth 8-638] synthesizing module 'leddec' [D:/CPE487A-DSD/Labs/read_image_VHDL/read_image_VHDL.srcs/sources_1/new/leddec.vhd:14]
INFO: [Synth 8-256] done synthesizing module 'leddec' (2#1) [D:/CPE487A-DSD/Labs/read_image_VHDL/read_image_VHDL.srcs/sources_1/new/leddec.vhd:14]
INFO: [Synth 8-256] done synthesizing module 'read_image_VHDL' (3#1) [D:/CPE487A-DSD/Labs/read_image_VHDL/read_image_VHDL.srcs/sources_1/new/read_image_VHDL.vhd:27]
---------------------------------------------------------------------------------
Finished RTL Elaboration : Time (s): cpu = 00:00:25 ; elapsed = 00:00:26 . Memory (MB): peak = 1014.262 ; gain = 0.000
---------------------------------------------------------------------------------
---------------------------------------------------------------------------------
Start Handling Custom Attributes
---------------------------------------------------------------------------------
---------------------------------------------------------------------------------
Finished Handling Custom Attributes : Time (s): cpu = 00:00:28 ; elapsed = 00:00:29 . Memory (MB): peak = 1014.262 ; gain = 0.000
---------------------------------------------------------------------------------
---------------------------------------------------------------------------------
Finished RTL Optimization Phase 1 : Time (s): cpu = 00:00:28 ; elapsed = 00:00:29 . Memory (MB): peak = 1014.262 ; gain = 0.000
---------------------------------------------------------------------------------
Netlist sorting complete. Time (s): cpu = 00:00:00 ; elapsed = 00:00:00.012 . Memory (MB): peak = 1014.262 ; gain = 0.000
INFO: [Project 1-570] Preparing netlist for logic optimization

Processing XDC Constraints
Initializing timing engine
Parsing XDC File [D:/CPE487A-DSD/Labs/read_image_VHDL/read_image_VHDL.srcs/constrs_1/new/leddec.xdc]
Finished Parsing XDC File [D:/CPE487A-DSD/Labs/read_image_VHDL/read_image_VHDL.srcs/constrs_1/new/leddec.xdc]
INFO: [Project 1-236] Implementation specific constraints were found while reading constraint file [D:/CPE487A-DSD/Labs/read_image_VHDL/read_image_VHDL.srcs/constrs_1/new/leddec.xdc]. These constraints will be ignored for synthesis but will be used in implementation. Impacted constraints are listed in the file [.Xil/read_image_VHDL_propImpl.xdc].
Resolution: To avoid this warning, move constraints listed in [.Xil/read_image_VHDL_propImpl.xdc] to another XDC file and exclude this new file from synthesis with the used_in_synthesis property (File Properties dialog in GUI) and re-run elaboration/synthesis.
Completed Processing XDC Constraints

Netlist sorting complete. Time (s): cpu = 00:00:00 ; elapsed = 00:00:00.001 . Memory (MB): peak = 1046.320 ; gain = 0.000
INFO: [Project 1-111] Unisim Transformation Summary:
No Unisim elements were transformed.

Constraint Validation Runtime : Time (s): cpu = 00:00:00 ; elapsed = 00:00:00.029 . Memory (MB): peak = 1046.320 ; gain = 0.000
---------------------------------------------------------------------------------
Finished Constraint Validation : Time (s): cpu = 00:00:57 ; elapsed = 00:01:00 . Memory (MB): peak = 1046.320 ; gain = 32.059
---------------------------------------------------------------------------------
---------------------------------------------------------------------------------
Start Loading Part and Timing Information
---------------------------------------------------------------------------------
Loading part: xc7a100tcsg324-1
---------------------------------------------------------------------------------
Finished Loading Part and Timing Information : Time (s): cpu = 00:00:57 ; elapsed = 00:01:00 . Memory (MB): peak = 1046.320 ; gain = 32.059
---------------------------------------------------------------------------------
---------------------------------------------------------------------------------
Start Applying 'set_property' XDC Constraints
---------------------------------------------------------------------------------
---------------------------------------------------------------------------------
Finished applying 'set_property' XDC Constraints : Time (s): cpu = 00:00:57 ; elapsed = 00:01:00 . Memory (MB): peak = 1046.320 ; gain = 32.059
---------------------------------------------------------------------------------
---------------------------------------------------------------------------------
Finished RTL Optimization Phase 2 : Time (s): cpu = 00:00:58 ; elapsed = 00:01:03 . Memory (MB): peak = 1046.320 ; gain = 32.059
---------------------------------------------------------------------------------
---------------------------------------------------------------------------------
Start RTL Component Statistics 
---------------------------------------------------------------------------------
Detailed RTL Component Info : 
+---Registers : 
	                8 Bit    Registers := 1     
	                4 Bit    Registers := 1     
+---RAMs : 
	              128 Bit	(16 X 8 bit)          RAMs := 1     
+---Muxes : 
	   9 Input    8 Bit        Muxes := 1     
---------------------------------------------------------------------------------
Finished RTL Component Statistics 
---------------------------------------------------------------------------------
---------------------------------------------------------------------------------
Start Part Resource Summary
---------------------------------------------------------------------------------
Part Resources:
DSPs: 240 (col length:80)
BRAMs: 270 (col length: RAMB18 80 RAMB36 40)
---------------------------------------------------------------------------------
Finished Part Resource Summary
---------------------------------------------------------------------------------
---------------------------------------------------------------------------------
Start Cross Boundary and Area Optimization
---------------------------------------------------------------------------------
---------------------------------------------------------------------------------
Finished Cross Boundary and Area Optimization : Time (s): cpu = 00:01:05 ; elapsed = 00:01:12 . Memory (MB): peak = 1046.320 ; gain = 32.059
---------------------------------------------------------------------------------
---------------------------------------------------------------------------------
Start ROM, RAM, DSP, Shift Register and Retiming Reporting
---------------------------------------------------------------------------------

Distributed RAM: Preliminary Mapping	Report (see note below)
+----------------+---------------+-----------+----------------------+-------------+
|Module Name     | RTL Object    | Inference | Size (Depth x Width) | Primitives  | 
+----------------+---------------+-----------+----------------------+-------------+
|read_image_VHDL | ram_block_reg | Implied   | 16 x 8               | RAM32M x 2	 | 
+----------------+---------------+-----------+----------------------+-------------+

Note: The table above is a preliminary report that shows the Distributed RAMs at the current stage of the synthesis flow. Some Distributed RAMs may be reimplemented as non Distributed RAM primitives later in the synthesis flow. Multiple instantiated RAMs are reported only once.
---------------------------------------------------------------------------------
Finished ROM, RAM, DSP, Shift Register and Retiming Reporting
---------------------------------------------------------------------------------
---------------------------------------------------------------------------------
Start Applying XDC Timing Constraints
---------------------------------------------------------------------------------
---------------------------------------------------------------------------------
Finished Applying XDC Timing Constraints : Time (s): cpu = 00:01:32 ; elapsed = 00:01:40 . Memory (MB): peak = 1046.320 ; gain = 32.059
---------------------------------------------------------------------------------
---------------------------------------------------------------------------------
Start Timing Optimization
---------------------------------------------------------------------------------
---------------------------------------------------------------------------------
Finished Timing Optimization : Time (s): cpu = 00:01:32 ; elapsed = 00:01:40 . Memory (MB): peak = 1046.320 ; gain = 32.059
---------------------------------------------------------------------------------
---------------------------------------------------------------------------------
Start ROM, RAM, DSP, Shift Register and Retiming Reporting
---------------------------------------------------------------------------------

Distributed RAM: Final Mapping	Report
+----------------+---------------+-----------+----------------------+-------------+
|Module Name     | RTL Object    | Inference | Size (Depth x Width) | Primitives  | 
+----------------+---------------+-----------+----------------------+-------------+
|read_image_VHDL | ram_block_reg | Implied   | 16 x 8               | RAM32M x 2	 | 
+----------------+---------------+-----------+----------------------+-------------+

---------------------------------------------------------------------------------
Finished ROM, RAM, DSP, Shift Register and Retiming Reporting
---------------------------------------------------------------------------------
---------------------------------------------------------------------------------
Start Technology Mapping
---------------------------------------------------------------------------------
---------------------------------------------------------------------------------
Finished Technology Mapping : Time (s): cpu = 00:01:32 ; elapsed = 00:01:40 . Memory (MB): peak = 1057.711 ; gain = 43.449
---------------------------------------------------------------------------------
---------------------------------------------------------------------------------
Start IO Insertion
---------------------------------------------------------------------------------
---------------------------------------------------------------------------------
Start Flattening Before IO Insertion
---------------------------------------------------------------------------------
---------------------------------------------------------------------------------
Finished Flattening Before IO Insertion
---------------------------------------------------------------------------------
---------------------------------------------------------------------------------
Start Final Netlist Cleanup
---------------------------------------------------------------------------------
---------------------------------------------------------------------------------
Finished Final Netlist Cleanup
---------------------------------------------------------------------------------
---------------------------------------------------------------------------------
Finished IO Insertion : Time (s): cpu = 00:01:50 ; elapsed = 00:01:58 . Memory (MB): peak = 1063.516 ; gain = 49.254
---------------------------------------------------------------------------------
---------------------------------------------------------------------------------
Start Renaming Generated Instances
---------------------------------------------------------------------------------
---------------------------------------------------------------------------------
Finished Renaming Generated Instances : Time (s): cpu = 00:01:50 ; elapsed = 00:01:58 . Memory (MB): peak = 1063.516 ; gain = 49.254
---------------------------------------------------------------------------------
---------------------------------------------------------------------------------
Start Rebuilding User Hierarchy
---------------------------------------------------------------------------------
---------------------------------------------------------------------------------
Finished Rebuilding User Hierarchy : Time (s): cpu = 00:01:50 ; elapsed = 00:01:58 . Memory (MB): peak = 1063.516 ; gain = 49.254
---------------------------------------------------------------------------------
---------------------------------------------------------------------------------
Start Renaming Generated Ports
---------------------------------------------------------------------------------
---------------------------------------------------------------------------------
Finished Renaming Generated Ports : Time (s): cpu = 00:01:50 ; elapsed = 00:01:58 . Memory (MB): peak = 1063.516 ; gain = 49.254
---------------------------------------------------------------------------------
---------------------------------------------------------------------------------
Start Handling Custom Attributes
---------------------------------------------------------------------------------
---------------------------------------------------------------------------------
Finished Handling Custom Attributes : Time (s): cpu = 00:01:50 ; elapsed = 00:01:58 . Memory (MB): peak = 1063.516 ; gain = 49.254
---------------------------------------------------------------------------------
---------------------------------------------------------------------------------
Start Renaming Generated Nets
---------------------------------------------------------------------------------
---------------------------------------------------------------------------------
Finished Renaming Generated Nets : Time (s): cpu = 00:01:50 ; elapsed = 00:01:58 . Memory (MB): peak = 1063.516 ; gain = 49.254
---------------------------------------------------------------------------------
---------------------------------------------------------------------------------
Start Writing Synthesis Report
---------------------------------------------------------------------------------

Report BlackBoxes: 
+-+--------------+----------+
| |BlackBox name |Instances |
+-+--------------+----------+
+-+--------------+----------+

Report Cell Usage: 
+------+-------+------+
|      |Cell   |Count |
+------+-------+------+
|1     |BUFG   |     1|
|2     |CARRY4 |     5|
|3     |LUT1   |     1|
|4     |LUT3   |     8|
|5     |LUT4   |     7|
|6     |RAM32M |     2|
|7     |FDRE   |    32|
|8     |IBUF   |    19|
|9     |OBUF   |    23|
+------+-------+------+
---------------------------------------------------------------------------------
Finished Writing Synthesis Report : Time (s): cpu = 00:01:50 ; elapsed = 00:01:58 . Memory (MB): peak = 1063.516 ; gain = 49.254
---------------------------------------------------------------------------------
Synthesis finished with 0 errors, 0 critical warnings and 0 warnings.
Synthesis Optimization Runtime : Time (s): cpu = 00:01:14 ; elapsed = 00:01:48 . Memory (MB): peak = 1063.516 ; gain = 17.195
Synthesis Optimization Complete : Time (s): cpu = 00:01:51 ; elapsed = 00:01:58 . Memory (MB): peak = 1063.516 ; gain = 49.254
INFO: [Project 1-571] Translating synthesized netlist
Netlist sorting complete. Time (s): cpu = 00:00:00 ; elapsed = 00:00:00.005 . Memory (MB): peak = 1075.582 ; gain = 0.000
INFO: [Netlist 29-17] Analyzing 7 Unisim elements for replacement
INFO: [Netlist 29-28] Unisim Transformation completed in 0 CPU seconds
INFO: [Project 1-570] Preparing netlist for logic optimization
INFO: [Opt 31-138] Pushed 0 inverter(s) to 0 load pin(s).
Netlist sorting complete. Time (s): cpu = 00:00:00 ; elapsed = 00:00:00 . Memory (MB): peak = 1084.273 ; gain = 0.000
INFO: [Project 1-111] Unisim Transformation Summary:
  A total of 2 instances were transformed.
  RAM32M => RAM32M (RAMD32(x6), RAMS32(x2)): 2 instances

INFO: [Common 17-83] Releasing license: Synthesis
23 Infos, 0 Warnings, 0 Critical Warnings and 0 Errors encountered.
synth_design completed successfully
synth_design: Time (s): cpu = 00:02:17 ; elapsed = 00:02:31 . Memory (MB): peak = 1084.273 ; gain = 70.012
INFO: [Common 17-1381] The checkpoint 'D:/CPE487A-DSD/Labs/read_image_VHDL/read_image_VHDL.runs/synth_1/read_image_VHDL.dcp' has been generated.
INFO: [runtcl-4] Executing : report_utilization -file read_image_VHDL_utilization_synth.rpt -pb read_image_VHDL_utilization_synth.pb
INFO: [Common 17-206] Exiting Vivado at Wed Mar 31 20:19:02 2021...
