********************************************************************************
* Unified simulation Tcl App stack trace dump
*
* File: .usf.tcl_error.log (Wed Apr 14 22:06:25 2021)
*
* This file is generated by the unified simulation automation and contains the
* tcl stack trace of error returned by the simulator App for the current run.
*
********************************************************************************

    while executing
"list_property -quiet $file_obj"
    (procedure "xcs_get_top_ip_filename" line 26)
    invoked from within
"xcs_get_top_ip_filename $file"
    ("eval" body line 1)
    invoked from within
"eval {xcs_get_top_ip_filename $file}"
    ("uplevel" body line 1)
    invoked from within
"uplevel eval $args"
    (procedure "xcs_cache_result" line 34)
    invoked from within
"xcs_cache_result {xcs_get_top_ip_filename $file}"
    (procedure "usf_get_file_cmd_str" line 40)
    invoked from within
"usf_get_file_cmd_str $file $file_type false $g_files other_ver_opts"
    ("foreach" body line 7)
    invoked from within
"foreach file [get_files -quiet -compile_order sources -used_in $used_in_val -of_objects [get_filesets $target_obj]] {
        if { [xcs_is_global_incl..."
    (procedure "usf_get_files_for_compilation_behav_sim" line 123)
    invoked from within
"usf_get_files_for_compilation_behav_sim $global_files_str"
    (procedure "::tclapp::xilinx::xsim::usf_get_files_for_compilation" line 16)
    invoked from within
"::tclapp::xilinx::xsim::usf_get_files_for_compilation global_files_str"
    (procedure "usf_xsim_setup_simulation" line 111)
    invoked from within
"usf_xsim_setup_simulation"
    (procedure "tclapp::xilinx::xsim::setup" line 19)
    invoked from within
"tclapp::xilinx::xsim::setup { -simset sim_1 -mode behavioral -run_dir D:/DSDFP/vivadoFiles/read_image_VHDL/read_image_VHDL.sim/sim_1/behav/xsim -int_o..."
