Vivado Simulator 2020.2
Copyright 1986-1999, 2001-2020 Xilinx, Inc. All Rights Reserved.
Running: D:/XilinxDONOTPUSH/Vivado/2020.2/bin/unwrapped/win64.o/xelab.exe -wto 876122697d2847848aeb75799be83ea5 --incr --debug typical --relax --mt 2 -L xil_defaultlib -L secureip --snapshot tb_read_image_vhdl_behav xil_defaultlib.tb_read_image_vhdl -log elaborate.log 
Using 2 slave threads.
Starting static elaboration
Completed static elaboration
Starting simulation data flow analysis
Completed simulation data flow analysis
Time Resolution for simulation is 1ps
Compiling package std.standard
Compiling package std.textio
Compiling package ieee.std_logic_1164
Compiling package ieee.numeric_std
Compiling package ieee.std_logic_arith
Compiling package ieee.std_logic_unsigned
Compiling architecture behavioral of entity xil_defaultlib.counter [counter_default]
Compiling architecture behavioral of entity xil_defaultlib.leddec [leddec_default]
Compiling architecture behavioral of entity xil_defaultlib.read_image_VHDL [\read_image_VHDL(1,47)\]
Compiling architecture behavior of entity xil_defaultlib.tb_read_image_vhdl
Built simulation snapshot tb_read_image_vhdl_behav
