Vivado Simulator 2020.2
Copyright 1986-1999, 2001-2020 Xilinx, Inc. All Rights Reserved.
Running: D:/XilinxDONOTPUSH/Vivado/2020.2/bin/unwrapped/win64.o/xelab.exe -wto bb52c23124db45e5afdb644661e6e1b9 --incr --debug typical --relax --mt 2 -L xil_defaultlib -L secureip --snapshot hexcount_func_impl xil_defaultlib.hexcount -log elaborate.log 
Using 2 slave threads.
Starting static elaboration
Completed static elaboration
Starting simulation data flow analysis
Completed simulation data flow analysis
Time Resolution for simulation is 1ps
Compiling package std.standard
Compiling package std.textio
Compiling package ieee.std_logic_1164
Compiling package ieee.numeric_std
Compiling package unisim.vcomponents
Compiling package ieee.vital_timing
Compiling package ieee.vital_primitives
Compiling package unisim.vpkg
Compiling architecture lut2_v of entity unisim.LUT2 [\LUT2(init="1110")(0,3)\]
Compiling architecture lut2_v of entity unisim.LUT2 [\LUT2(init="1011")(0,3)\]
Compiling architecture lut2_v of entity unisim.LUT2 [\LUT2(init="0111")(0,3)\]
Compiling architecture lut1_v of entity unisim.LUT1 [\LUT1(init="0001")(0,3)\]
Compiling architecture fdre_v of entity unisim.FDRE [fdre_default]
Compiling architecture carry4_v of entity unisim.CARRY4 [carry4_default]
Compiling architecture lut4_v of entity unisim.LUT4 [\LUT4(init="0100000000100101")(0...]
Compiling architecture lut4_v of entity unisim.LUT4 [\LUT4(init="0101000110010000")(0...]
Compiling architecture lut4_v of entity unisim.LUT4 [\LUT4(init="0101011100010000")(0...]
Compiling architecture lut4_v of entity unisim.LUT4 [\LUT4(init="1100001000010100")(0...]
Compiling architecture lut4_v of entity unisim.LUT4 [\LUT4(init="1010001000010000")(0...]
Compiling architecture lut4_v of entity unisim.LUT4 [\LUT4(init="1010110001001000")(0...]
Compiling architecture lut4_v of entity unisim.LUT4 [\LUT4(init="0010000010010100")(0...]
Compiling architecture lut6_v of entity unisim.LUT6 [\LUT6(init="11110000111111111010...]
Compiling architecture structure of entity xil_defaultlib.counter [counter_default]
Compiling architecture obuf_v of entity unisim.OBUF [\OBUF(1,9)(1,7)(1,4)\]
Compiling architecture bufg_v of entity unisim.BUFG [bufg_default]
Compiling architecture ibuf_v of entity unisim.IBUF [\IBUF(1,9)(1,1)(1,4)(1,7)\]
Compiling architecture structure of entity xil_defaultlib.hexcount
Built simulation snapshot hexcount_func_impl
