
*** Running vivado
    with args -log hexcounter.vds -m64 -product Vivado -mode batch -messageDb vivado.pb -notrace -source hexcounter.tcl



****** Vivado v2020.2 (64-bit)
  **** SW Build 3064766 on Wed Nov 18 09:12:45 MST 2020
  **** IP Build 3064653 on Wed Nov 18 14:17:31 MST 2020
    ** Copyright 1986-2020 Xilinx, Inc. All Rights Reserved.

source hexcounter.tcl -notrace
create_project: Time (s): cpu = 00:00:05 ; elapsed = 00:00:06 . Memory (MB): peak = 1019.367 ; gain = 0.000
Command: synth_design -top hexcounter -part xc7a100tcsg324-1
Starting synth_design
Attempting to get a license for feature 'Synthesis' and/or device 'xc7a100t'
INFO: [Common 17-349] Got license for feature 'Synthesis' and/or device 'xc7a100t'
INFO: [Device 21-403] Loading part xc7a100tcsg324-1
INFO: [Synth 8-7079] Multithreading enabled for synth_design using a maximum of 2 processes.
INFO: [Synth 8-7078] Launching helper process for spawning children vivado processes
INFO: [Synth 8-7075] Helper process launched with PID 21528
---------------------------------------------------------------------------------
Starting RTL Elaboration : Time (s): cpu = 00:00:22 ; elapsed = 00:00:24 . Memory (MB): peak = 1019.367 ; gain = 0.000
---------------------------------------------------------------------------------
INFO: [Synth 8-638] synthesizing module 'hexcounter' [D:/CPE487A-DSD/Labs/hexcounter/hexcounter.srcs/sources_1/new/hexcounter.vhd:42]
INFO: [Synth 8-3491] module 'counter' declared at 'D:/CPE487A-DSD/Labs/hexcounter/hexcounter.srcs/sources_1/new/counter.vhd:5' bound to instance 'C1' of component 'counter' [D:/CPE487A-DSD/Labs/hexcounter/hexcounter.srcs/sources_1/new/hexcounter.vhd:59]
INFO: [Synth 8-638] synthesizing module 'counter' [D:/CPE487A-DSD/Labs/hexcounter/hexcounter.srcs/sources_1/new/counter.vhd:12]
INFO: [Synth 8-256] done synthesizing module 'counter' (1#1) [D:/CPE487A-DSD/Labs/hexcounter/hexcounter.srcs/sources_1/new/counter.vhd:12]
INFO: [Synth 8-3491] module 'leddec' declared at 'D:/CPE487A-DSD/Labs/hexcounter/hexcounter.srcs/sources_1/new/leddec.vhd:4' bound to instance 'L1' of component 'leddec' [D:/CPE487A-DSD/Labs/hexcounter/hexcounter.srcs/sources_1/new/hexcounter.vhd:61]
INFO: [Synth 8-638] synthesizing module 'leddec' [D:/CPE487A-DSD/Labs/hexcounter/hexcounter.srcs/sources_1/new/leddec.vhd:13]
INFO: [Synth 8-256] done synthesizing module 'leddec' (2#1) [D:/CPE487A-DSD/Labs/hexcounter/hexcounter.srcs/sources_1/new/leddec.vhd:13]
INFO: [Synth 8-256] done synthesizing module 'hexcounter' (3#1) [D:/CPE487A-DSD/Labs/hexcounter/hexcounter.srcs/sources_1/new/hexcounter.vhd:42]
---------------------------------------------------------------------------------
Finished RTL Elaboration : Time (s): cpu = 00:00:27 ; elapsed = 00:00:29 . Memory (MB): peak = 1019.367 ; gain = 0.000
---------------------------------------------------------------------------------
---------------------------------------------------------------------------------
Start Handling Custom Attributes
---------------------------------------------------------------------------------
---------------------------------------------------------------------------------
Finished Handling Custom Attributes : Time (s): cpu = 00:00:30 ; elapsed = 00:00:32 . Memory (MB): peak = 1019.367 ; gain = 0.000
---------------------------------------------------------------------------------
---------------------------------------------------------------------------------
Finished RTL Optimization Phase 1 : Time (s): cpu = 00:00:30 ; elapsed = 00:00:32 . Memory (MB): peak = 1019.367 ; gain = 0.000
---------------------------------------------------------------------------------
Netlist sorting complete. Time (s): cpu = 00:00:00 ; elapsed = 00:00:00.007 . Memory (MB): peak = 1019.367 ; gain = 0.000
INFO: [Project 1-570] Preparing netlist for logic optimization

Processing XDC Constraints
Initializing timing engine
Parsing XDC File [D:/CPE487A-DSD/Labs/hexcounter/hexcounter.srcs/constrs_1/new/hexcount.xdc]
Finished Parsing XDC File [D:/CPE487A-DSD/Labs/hexcounter/hexcounter.srcs/constrs_1/new/hexcount.xdc]
INFO: [Project 1-236] Implementation specific constraints were found while reading constraint file [D:/CPE487A-DSD/Labs/hexcounter/hexcounter.srcs/constrs_1/new/hexcount.xdc]. These constraints will be ignored for synthesis but will be used in implementation. Impacted constraints are listed in the file [.Xil/hexcounter_propImpl.xdc].
Resolution: To avoid this warning, move constraints listed in [.Xil/hexcounter_propImpl.xdc] to another XDC file and exclude this new file from synthesis with the used_in_synthesis property (File Properties dialog in GUI) and re-run elaboration/synthesis.
Completed Processing XDC Constraints

Netlist sorting complete. Time (s): cpu = 00:00:00 ; elapsed = 00:00:00.001 . Memory (MB): peak = 1037.824 ; gain = 0.000
INFO: [Project 1-111] Unisim Transformation Summary:
No Unisim elements were transformed.

Constraint Validation Runtime : Time (s): cpu = 00:00:00 ; elapsed = 00:00:00.034 . Memory (MB): peak = 1037.824 ; gain = 0.000
---------------------------------------------------------------------------------
Finished Constraint Validation : Time (s): cpu = 00:01:00 ; elapsed = 00:01:05 . Memory (MB): peak = 1037.824 ; gain = 18.457
---------------------------------------------------------------------------------
---------------------------------------------------------------------------------
Start Loading Part and Timing Information
---------------------------------------------------------------------------------
Loading part: xc7a100tcsg324-1
---------------------------------------------------------------------------------
Finished Loading Part and Timing Information : Time (s): cpu = 00:01:00 ; elapsed = 00:01:05 . Memory (MB): peak = 1037.824 ; gain = 18.457
---------------------------------------------------------------------------------
---------------------------------------------------------------------------------
Start Applying 'set_property' XDC Constraints
---------------------------------------------------------------------------------
---------------------------------------------------------------------------------
Finished applying 'set_property' XDC Constraints : Time (s): cpu = 00:01:00 ; elapsed = 00:01:05 . Memory (MB): peak = 1037.824 ; gain = 18.457
---------------------------------------------------------------------------------
---------------------------------------------------------------------------------
Finished RTL Optimization Phase 2 : Time (s): cpu = 00:01:01 ; elapsed = 00:01:07 . Memory (MB): peak = 1037.824 ; gain = 18.457
---------------------------------------------------------------------------------
---------------------------------------------------------------------------------
Start RTL Component Statistics 
---------------------------------------------------------------------------------
Detailed RTL Component Info : 
+---Muxes : 
	   5 Input    4 Bit        Muxes := 1     
---------------------------------------------------------------------------------
Finished RTL Component Statistics 
---------------------------------------------------------------------------------
---------------------------------------------------------------------------------
Start Part Resource Summary
---------------------------------------------------------------------------------
Part Resources:
DSPs: 240 (col length:80)
BRAMs: 270 (col length: RAMB18 80 RAMB36 40)
---------------------------------------------------------------------------------
Finished Part Resource Summary
---------------------------------------------------------------------------------
---------------------------------------------------------------------------------
Start Cross Boundary and Area Optimization
---------------------------------------------------------------------------------
---------------------------------------------------------------------------------
Finished Cross Boundary and Area Optimization : Time (s): cpu = 00:01:08 ; elapsed = 00:01:17 . Memory (MB): peak = 1037.824 ; gain = 18.457
---------------------------------------------------------------------------------
---------------------------------------------------------------------------------
Start Applying XDC Timing Constraints
---------------------------------------------------------------------------------
---------------------------------------------------------------------------------
Finished Applying XDC Timing Constraints : Time (s): cpu = 00:01:38 ; elapsed = 00:01:47 . Memory (MB): peak = 1039.883 ; gain = 20.516
---------------------------------------------------------------------------------
---------------------------------------------------------------------------------
Start Timing Optimization
---------------------------------------------------------------------------------
---------------------------------------------------------------------------------
Finished Timing Optimization : Time (s): cpu = 00:01:38 ; elapsed = 00:01:47 . Memory (MB): peak = 1039.883 ; gain = 20.516
---------------------------------------------------------------------------------
---------------------------------------------------------------------------------
Start Technology Mapping
---------------------------------------------------------------------------------
---------------------------------------------------------------------------------
Finished Technology Mapping : Time (s): cpu = 00:01:38 ; elapsed = 00:01:47 . Memory (MB): peak = 1058.945 ; gain = 39.578
---------------------------------------------------------------------------------
---------------------------------------------------------------------------------
Start IO Insertion
---------------------------------------------------------------------------------
---------------------------------------------------------------------------------
Start Flattening Before IO Insertion
---------------------------------------------------------------------------------
---------------------------------------------------------------------------------
Finished Flattening Before IO Insertion
---------------------------------------------------------------------------------
---------------------------------------------------------------------------------
Start Final Netlist Cleanup
---------------------------------------------------------------------------------
---------------------------------------------------------------------------------
Finished Final Netlist Cleanup
---------------------------------------------------------------------------------
---------------------------------------------------------------------------------
Finished IO Insertion : Time (s): cpu = 00:01:56 ; elapsed = 00:02:05 . Memory (MB): peak = 1064.738 ; gain = 45.371
---------------------------------------------------------------------------------
---------------------------------------------------------------------------------
Start Renaming Generated Instances
---------------------------------------------------------------------------------
---------------------------------------------------------------------------------
Finished Renaming Generated Instances : Time (s): cpu = 00:01:56 ; elapsed = 00:02:05 . Memory (MB): peak = 1064.738 ; gain = 45.371
---------------------------------------------------------------------------------
---------------------------------------------------------------------------------
Start Rebuilding User Hierarchy
---------------------------------------------------------------------------------
---------------------------------------------------------------------------------
Finished Rebuilding User Hierarchy : Time (s): cpu = 00:01:56 ; elapsed = 00:02:05 . Memory (MB): peak = 1064.738 ; gain = 45.371
---------------------------------------------------------------------------------
---------------------------------------------------------------------------------
Start Renaming Generated Ports
---------------------------------------------------------------------------------
---------------------------------------------------------------------------------
Finished Renaming Generated Ports : Time (s): cpu = 00:01:56 ; elapsed = 00:02:05 . Memory (MB): peak = 1064.738 ; gain = 45.371
---------------------------------------------------------------------------------
---------------------------------------------------------------------------------
Start Handling Custom Attributes
---------------------------------------------------------------------------------
---------------------------------------------------------------------------------
Finished Handling Custom Attributes : Time (s): cpu = 00:01:56 ; elapsed = 00:02:05 . Memory (MB): peak = 1064.738 ; gain = 45.371
---------------------------------------------------------------------------------
---------------------------------------------------------------------------------
Start Renaming Generated Nets
---------------------------------------------------------------------------------
---------------------------------------------------------------------------------
Finished Renaming Generated Nets : Time (s): cpu = 00:01:56 ; elapsed = 00:02:05 . Memory (MB): peak = 1064.738 ; gain = 45.371
---------------------------------------------------------------------------------
---------------------------------------------------------------------------------
Start Writing Synthesis Report
---------------------------------------------------------------------------------

Report BlackBoxes: 
+-+--------------+----------+
| |BlackBox name |Instances |
+-+--------------+----------+
+-+--------------+----------+

Report Cell Usage: 
+------+-------+------+
|      |Cell   |Count |
+------+-------+------+
|1     |BUFG   |     1|
|2     |CARRY4 |     8|
|3     |LUT1   |     2|
|4     |LUT4   |     7|
|5     |FDRE   |    29|
|6     |IBUF   |     1|
|7     |OBUF   |    11|
+------+-------+------+
---------------------------------------------------------------------------------
Finished Writing Synthesis Report : Time (s): cpu = 00:01:56 ; elapsed = 00:02:05 . Memory (MB): peak = 1064.738 ; gain = 45.371
---------------------------------------------------------------------------------
Synthesis finished with 0 errors, 0 critical warnings and 0 warnings.
Synthesis Optimization Runtime : Time (s): cpu = 00:01:17 ; elapsed = 00:01:55 . Memory (MB): peak = 1064.738 ; gain = 26.914
Synthesis Optimization Complete : Time (s): cpu = 00:01:57 ; elapsed = 00:02:06 . Memory (MB): peak = 1064.738 ; gain = 45.371
INFO: [Project 1-571] Translating synthesized netlist
Netlist sorting complete. Time (s): cpu = 00:00:00 ; elapsed = 00:00:00.003 . Memory (MB): peak = 1076.801 ; gain = 0.000
INFO: [Netlist 29-17] Analyzing 8 Unisim elements for replacement
INFO: [Netlist 29-28] Unisim Transformation completed in 0 CPU seconds
INFO: [Project 1-570] Preparing netlist for logic optimization
INFO: [Opt 31-138] Pushed 0 inverter(s) to 0 load pin(s).
Netlist sorting complete. Time (s): cpu = 00:00:00 ; elapsed = 00:00:00 . Memory (MB): peak = 1083.707 ; gain = 0.000
INFO: [Project 1-111] Unisim Transformation Summary:
No Unisim elements were transformed.

INFO: [Common 17-83] Releasing license: Synthesis
23 Infos, 0 Warnings, 0 Critical Warnings and 0 Errors encountered.
synth_design completed successfully
synth_design: Time (s): cpu = 00:02:24 ; elapsed = 00:02:44 . Memory (MB): peak = 1083.707 ; gain = 64.340
INFO: [Common 17-1381] The checkpoint 'D:/CPE487A-DSD/Labs/hexcounter/hexcounter.runs/synth_1/hexcounter.dcp' has been generated.
INFO: [runtcl-4] Executing : report_utilization -file hexcounter_utilization_synth.rpt -pb hexcounter_utilization_synth.pb
INFO: [Common 17-206] Exiting Vivado at Wed Feb 24 18:58:17 2021...
